<?xml version="1.0" encoding="UTF-8"?>
<!-- Generated by org.testng.reporters.JUnitReportReporter -->
<testsuite hostname="QT-INBG-LT0774" failures="0" tests="2" name="Academy.Homepage" time="51.711" errors="0" timestamp="9 Jun 2021 12:52:01 GMT">
  <testcase classname="Academy.Homepage" name="basepageNavigation" time="37.117"/>
  <testcase classname="Academy.Homepage" name="basepageNavigation" time="14.594"/>
</testsuite> <!-- Academy.Homepage -->
